[14 August 2014 15:26:09][ERROR] Exception in App work: Undefined controller: 'App\Controllers\FontsController'.

[14 August 2014 15:26:09][ERROR] Exception in App work: Undefined controller: 'App\Controllers\FontsController'.

[14 August 2014 15:26:09][ERROR] Exception in App work: Undefined controller: 'App\Controllers\FontsController'.

[14 August 2014 15:26:15][ERROR] Exception in App work: Undefined method '?srch-term=Action' in controller 'App\Controllers\Admin\CitiesController'.

[14 August 2014 15:26:17][ERROR] Exception in App work: Undefined controller: 'App\Controllers\FontsController'.

[14 August 2014 15:26:18][ERROR] Exception in App work: Undefined controller: 'App\Controllers\FontsController'.

[14 August 2014 15:26:18][ERROR] Exception in App work: Undefined controller: 'App\Controllers\FontsController'.

[14 August 2014 15:28:09][ERROR] Exception in App work: Undefined controller: 'App\Controllers\FontsController'.

[14 August 2014 15:28:09][ERROR] Exception in App work: Undefined controller: 'App\Controllers\FontsController'.

[14 August 2014 15:28:09][ERROR] Exception in App work: Undefined controller: 'App\Controllers\FontsController'.

[14 August 2014 15:28:37][ERROR] Exception in App work: Undefined method 'searchAction' in controller 'App\Controllers\AjaxController'.

[14 August 2014 15:36:15][ERROR] Exception in App work: Undefined controller: 'App\Controllers\FontsController'.

[14 August 2014 15:36:15][ERROR] Exception in App work: Undefined controller: 'App\Controllers\FontsController'.

[14 August 2014 15:36:15][ERROR] Exception in App work: Undefined controller: 'App\Controllers\FontsController'.

[14 August 2014 15:36:18][ERROR] Exception in App work: Undefined controller: 'App\Controllers\FontsController'.

[14 August 2014 15:36:18][ERROR] Exception in App work: Undefined controller: 'App\Controllers\FontsController'.

[14 August 2014 15:36:25][ERROR] Exception in App work: Undefined controller: 'App\Controllers\FontsController'.

[14 August 2014 15:36:25][ERROR] Exception in App work: Undefined controller: 'App\Controllers\FontsController'.

[14 August 2014 15:36:25][ERROR] Exception in App work: Undefined controller: 'App\Controllers\FontsController'.

[14 August 2014 15:36:26][ERROR] Exception in App work: Undefined method 'searchAction' in controller 'App\Controllers\AjaxController'.

[14 August 2014 15:36:28][ERROR] Exception in App work: Undefined controller: 'App\Controllers\FontsController'.

[14 August 2014 15:36:28][ERROR] Exception in App work: Undefined controller: 'App\Controllers\FontsController'.

[14 August 2014 15:36:29][ERROR] Exception in App work: Undefined method 'searchAction' in controller 'App\Controllers\AjaxController'.

[14 August 2014 15:36:31][ERROR] Exception in App work: Undefined method 'searchAction' in controller 'App\Controllers\AjaxController'.

[14 August 2014 16:09:00][ERROR] Exception in App work: Undefined controller: 'App\Controllers\FontsController'.

[14 August 2014 16:09:00][ERROR] Exception in App work: Undefined controller: 'App\Controllers\FontsController'.

[14 August 2014 16:09:03][ERROR] Exception in App work: Undefined method 'searchAction' in controller 'App\Controllers\AjaxController'.

[14 August 2014 16:10:46][ERROR] Exception in App work: Undefined controller: 'App\Controllers\FontsController'.

[14 August 2014 16:10:47][ERROR] Exception in App work: Undefined controller: 'App\Controllers\FontsController'.

[14 August 2014 16:10:47][ERROR] Exception in App work: Undefined controller: 'App\Controllers\FontsController'.

[14 August 2014 16:10:48][ERROR] Exception in App work: Undefined method '?srch-term=Action' in controller 'App\Controllers\Admin\CitiesController'.

[14 August 2014 16:10:50][ERROR] Exception in App work: Undefined controller: 'App\Controllers\FontsController'.

[14 August 2014 16:10:51][ERROR] Exception in App work: Undefined controller: 'App\Controllers\FontsController'.

[14 August 2014 16:10:51][ERROR] Exception in App work: Undefined controller: 'App\Controllers\FontsController'.

[14 August 2014 16:11:01][ERROR] Exception in App work: Undefined method '?srch-term=Action' in controller 'App\Controllers\Admin\CitiesController'.

[14 August 2014 16:11:07][ERROR] Exception in App work: Undefined method '?Action' in controller 'App\Controllers\Admin\CitiesController'.

[14 August 2014 16:11:16][ERROR] Exception in App work: Undefined controller: 'App\Controllers\FontsController'.

[14 August 2014 16:11:16][ERROR] Exception in App work: Undefined controller: 'App\Controllers\FontsController'.

[14 August 2014 16:11:16][ERROR] Exception in App work: Undefined controller: 'App\Controllers\FontsController'.

[14 August 2014 16:11:18][ERROR] Exception in App work: Undefined method '?Action' in controller 'App\Controllers\Admin\CitiesController'.

[14 August 2014 16:11:20][ERROR] Exception in App work: Undefined controller: 'App\Controllers\FontsController'.

[14 August 2014 16:11:20][ERROR] Exception in App work: Undefined controller: 'App\Controllers\FontsController'.

[14 August 2014 16:11:20][ERROR] Exception in App work: Undefined controller: 'App\Controllers\FontsController'.

[14 August 2014 16:11:21][ERROR] Exception in App work: Undefined method '?Action' in controller 'App\Controllers\Admin\CitiesController'.

[14 August 2014 16:16:37][ERROR] Exception in App work: Undefined method '?Action' in controller 'App\Controllers\Admin\CitiesController'.

[14 August 2014 16:16:41][ERROR] Exception in App work: Undefined controller: 'App\Controllers\FontsController'.

[14 August 2014 16:16:42][ERROR] Exception in App work: Undefined controller: 'App\Controllers\FontsController'.

[14 August 2014 16:16:42][ERROR] Exception in App work: Undefined controller: 'App\Controllers\FontsController'.

[14 August 2014 16:16:44][ERROR] Exception in App work: Undefined method '?Action' in controller 'App\Controllers\Admin\CitiesController'.

[14 August 2014 16:16:49][ERROR] Exception in App work: Undefined controller: 'App\Controllers\FontsController'.

[14 August 2014 16:16:49][ERROR] Exception in App work: Undefined controller: 'App\Controllers\FontsController'.

[14 August 2014 16:16:49][ERROR] Exception in App work: Undefined controller: 'App\Controllers\FontsController'.

[14 August 2014 16:16:50][ERROR] Exception in App work: Undefined method '?Action' in controller 'App\Controllers\Admin\CitiesController'.

[14 August 2014 16:17:17][ERROR] Exception in App work: Undefined method 'citiesAction' in controller 'App\Controllers\AdminController'.

[14 August 2014 16:17:22][ERROR] Exception in App work: Undefined method 'citiesAction' in controller 'App\Controllers\AdminController'.

[14 August 2014 16:17:26][ERROR] Exception in App work: Undefined controller: 'App\Controllers\FontsController'.

[14 August 2014 16:17:26][ERROR] Exception in App work: Undefined controller: 'App\Controllers\FontsController'.

[14 August 2014 16:17:26][ERROR] Exception in App work: Undefined controller: 'App\Controllers\FontsController'.

[14 August 2014 16:19:24][ERROR] Exception in App work: Undefined controller: 'App\Controllers\FontsController'.

[14 August 2014 16:19:24][ERROR] Exception in App work: Undefined controller: 'App\Controllers\FontsController'.

[14 August 2014 16:19:24][ERROR] Exception in App work: Undefined controller: 'App\Controllers\FontsController'.

[14 August 2014 16:19:26][ERROR] Exception in App work: Undefined method '?Action' in controller 'App\Controllers\Admin\CitiesController'.

[14 August 2014 16:19:30][ERROR] Exception in App work: Undefined controller: 'App\Controllers\FontsController'.

[14 August 2014 16:19:30][ERROR] Exception in App work: Undefined controller: 'App\Controllers\FontsController'.

[14 August 2014 16:19:30][ERROR] Exception in App work: Undefined controller: 'App\Controllers\FontsController'.

[14 August 2014 16:19:32][ERROR] Exception in App work: Undefined method '?Action' in controller 'App\Controllers\Admin\CitiesController'.

[14 August 2014 16:20:16][ERROR] Exception in App work: Undefined controller: 'App\Controllers\FontsController'.

[14 August 2014 16:20:16][ERROR] Exception in App work: Undefined controller: 'App\Controllers\FontsController'.

[14 August 2014 16:20:16][ERROR] Exception in App work: Undefined controller: 'App\Controllers\FontsController'.

[14 August 2014 16:20:39][ERROR] Exception in App work: Undefined controller: 'App\Controllers\FontsController'.

[14 August 2014 16:20:40][ERROR] Exception in App work: Undefined controller: 'App\Controllers\FontsController'.

[14 August 2014 16:20:40][ERROR] Exception in App work: Undefined controller: 'App\Controllers\FontsController'.

[14 August 2014 16:21:00][ERROR] Exception in App work: Undefined controller: 'App\Controllers\FontsController'.

[14 August 2014 16:21:00][ERROR] Exception in App work: Undefined controller: 'App\Controllers\FontsController'.

[14 August 2014 16:21:00][ERROR] Exception in App work: Undefined controller: 'App\Controllers\FontsController'.

[14 August 2014 16:21:03][ERROR] Exception in App work: Undefined controller: 'App\Controllers\FontsController'.

[14 August 2014 16:21:03][ERROR] Exception in App work: Undefined controller: 'App\Controllers\FontsController'.

[14 August 2014 16:21:03][ERROR] Exception in App work: Undefined controller: 'App\Controllers\FontsController'.

[14 August 2014 16:21:08][ERROR] Exception in App work: Undefined controller: 'App\Controllers\FontsController'.

[14 August 2014 16:21:08][ERROR] Exception in App work: Undefined controller: 'App\Controllers\FontsController'.

[14 August 2014 16:21:08][ERROR] Exception in App work: Undefined controller: 'App\Controllers\FontsController'.

[14 August 2014 16:21:11][ERROR] Exception in App work: Undefined controller: 'App\Controllers\FontsController'.

[14 August 2014 16:21:11][ERROR] Exception in App work: Undefined controller: 'App\Controllers\FontsController'.

[14 August 2014 16:21:11][ERROR] Exception in App work: Undefined controller: 'App\Controllers\FontsController'.

[14 August 2014 16:21:12][ERROR] Exception in App work: Undefined controller: 'App\Controllers\FontsController'.

[14 August 2014 16:21:12][ERROR] Exception in App work: Undefined controller: 'App\Controllers\FontsController'.

[14 August 2014 16:21:12][ERROR] Exception in App work: Undefined controller: 'App\Controllers\FontsController'.

[14 August 2014 16:21:12][ERROR] Exception in App work: Undefined controller: 'App\Controllers\FontsController'.

[14 August 2014 16:21:13][ERROR] Exception in App work: Undefined controller: 'App\Controllers\FontsController'.

[14 August 2014 16:21:13][ERROR] Exception in App work: Undefined controller: 'App\Controllers\FontsController'.

[14 August 2014 16:21:15][ERROR] Exception in App work: Undefined method 'searchAction' in controller 'App\Controllers\AjaxController'.

[14 August 2014 16:21:19][ERROR] Exception in App work: Undefined controller: 'App\Controllers\FontsController'.

[14 August 2014 16:21:19][ERROR] Exception in App work: Undefined controller: 'App\Controllers\FontsController'.

[14 August 2014 16:23:22][ERROR] Exception in App work: Undefined controller: 'App\Controllers\FontsController'.

[14 August 2014 16:23:22][ERROR] Exception in App work: Undefined controller: 'App\Controllers\FontsController'.

[14 August 2014 16:23:22][ERROR] Exception in App work: Undefined controller: 'App\Controllers\FontsController'.

[14 August 2014 16:23:23][ERROR] Exception in App work: Undefined method '?Action' in controller 'App\Controllers\Admin\CitiesController'.

[14 August 2014 16:23:58][ERROR] Exception in App work: Undefined method '?Action' in controller 'App\Controllers\Admin\CitiesController'.

[14 August 2014 16:24:01][ERROR] Exception in App work: Undefined controller: 'App\Controllers\FontsController'.

[14 August 2014 16:24:01][ERROR] Exception in App work: Undefined controller: 'App\Controllers\FontsController'.

[14 August 2014 16:24:01][ERROR] Exception in App work: Undefined controller: 'App\Controllers\FontsController'.

[14 August 2014 16:24:03][ERROR] Exception in App work: Undefined method '?Action' in controller 'App\Controllers\Admin\CitiesController'.

[14 August 2014 16:24:26][ERROR] Exception in App work: Undefined method '?Action' in controller 'App\Controllers\Admin\CitiesController'.

[14 August 2014 16:24:29][ERROR] Exception in App work: Undefined controller: 'App\Controllers\FontsController'.

[14 August 2014 16:24:29][ERROR] Exception in App work: Undefined controller: 'App\Controllers\FontsController'.

[14 August 2014 16:24:29][ERROR] Exception in App work: Undefined controller: 'App\Controllers\FontsController'.

[14 August 2014 16:24:35][ERROR] Exception in App work: Undefined controller: 'App\Controllers\FontsController'.

[14 August 2014 16:24:36][ERROR] Exception in App work: Undefined controller: 'App\Controllers\FontsController'.

[14 August 2014 16:24:36][ERROR] Exception in App work: Undefined controller: 'App\Controllers\FontsController'.

[14 August 2014 16:24:45][ERROR] Exception in App work: Undefined controller: 'App\Controllers\FontsController'.

[14 August 2014 16:24:45][ERROR] Exception in App work: Undefined controller: 'App\Controllers\FontsController'.

[14 August 2014 16:24:46][ERROR] Exception in App work: Undefined controller: 'App\Controllers\FontsController'.

[14 August 2014 16:24:46][ERROR] Exception in App work: Undefined controller: 'App\Controllers\FontsController'.

[14 August 2014 16:24:47][ERROR] Exception in App work: Undefined controller: 'App\Controllers\FontsController'.

[14 August 2014 16:24:47][ERROR] Exception in App work: Undefined controller: 'App\Controllers\FontsController'.

[14 August 2014 16:24:47][ERROR] Exception in App work: Undefined controller: 'App\Controllers\FontsController'.

[14 August 2014 16:24:48][ERROR] Exception in App work: Undefined controller: 'App\Controllers\FontsController'.

[14 August 2014 16:24:48][ERROR] Exception in App work: Undefined controller: 'App\Controllers\FontsController'.

[14 August 2014 16:24:48][ERROR] Exception in App work: Undefined controller: 'App\Controllers\FontsController'.

[14 August 2014 16:25:14][ERROR] Exception in App work: Undefined controller: 'App\Controllers\FontsController'.

[14 August 2014 16:25:14][ERROR] Exception in App work: Undefined controller: 'App\Controllers\FontsController'.

[14 August 2014 16:25:14][ERROR] Exception in App work: Undefined controller: 'App\Controllers\FontsController'.

[14 August 2014 16:25:55][ERROR] Exception in App work: Undefined controller: 'App\Controllers\FontsController'.

[14 August 2014 16:25:55][ERROR] Exception in App work: Undefined controller: 'App\Controllers\FontsController'.

[14 August 2014 16:25:55][ERROR] Exception in App work: Undefined controller: 'App\Controllers\FontsController'.

[14 August 2014 16:26:04][ERROR] Exception in App work: Undefined controller: 'App\Controllers\FontsController'.

[14 August 2014 16:26:04][ERROR] Exception in App work: Undefined controller: 'App\Controllers\FontsController'.

[14 August 2014 16:26:04][ERROR] Exception in App work: Undefined controller: 'App\Controllers\FontsController'.

[14 August 2014 16:26:37][ERROR] Exception in App work: Undefined controller: 'App\Controllers\FontsController'.

[14 August 2014 16:26:37][ERROR] Exception in App work: Undefined controller: 'App\Controllers\FontsController'.

[14 August 2014 16:26:37][ERROR] Exception in App work: Undefined controller: 'App\Controllers\FontsController'.

[14 August 2014 16:27:59][ERROR] Exception in App work: Undefined controller: 'App\Controllers\FontsController'.

[14 August 2014 16:27:59][ERROR] Exception in App work: Undefined controller: 'App\Controllers\FontsController'.

[14 August 2014 16:27:59][ERROR] Exception in App work: Undefined controller: 'App\Controllers\FontsController'.

[14 August 2014 16:28:35][ERROR] Exception in App work: Undefined controller: 'App\Controllers\FontsController'.

[14 August 2014 16:28:35][ERROR] Exception in App work: Undefined controller: 'App\Controllers\FontsController'.

[14 August 2014 16:28:35][ERROR] Exception in App work: Undefined controller: 'App\Controllers\FontsController'.

[14 August 2014 16:29:05][ERROR] Exception in App work: Undefined controller: 'App\Controllers\FontsController'.

[14 August 2014 16:29:05][ERROR] Exception in App work: Undefined controller: 'App\Controllers\FontsController'.

[14 August 2014 16:29:05][ERROR] Exception in App work: Undefined controller: 'App\Controllers\FontsController'.

[14 August 2014 16:29:43][ERROR] Exception in App work: Undefined controller: 'App\Controllers\FontsController'.

[14 August 2014 16:29:43][ERROR] Exception in App work: Undefined controller: 'App\Controllers\FontsController'.

[14 August 2014 16:29:43][ERROR] Exception in App work: Undefined controller: 'App\Controllers\FontsController'.

[14 August 2014 16:30:02][ERROR] Exception in App work: Undefined controller: 'App\Controllers\FontsController'.

[14 August 2014 16:30:02][ERROR] Exception in App work: Undefined controller: 'App\Controllers\FontsController'.

[14 August 2014 16:30:02][ERROR] Exception in App work: Undefined controller: 'App\Controllers\FontsController'.

[14 August 2014 16:30:14][ERROR] Exception in App work: Undefined controller: 'App\Controllers\FontsController'.

[14 August 2014 16:30:14][ERROR] Exception in App work: Undefined controller: 'App\Controllers\FontsController'.

[14 August 2014 16:30:14][ERROR] Exception in App work: Undefined controller: 'App\Controllers\FontsController'.

[14 August 2014 16:30:44][ERROR] Exception in App work: Undefined controller: 'App\Controllers\FontsController'.

[14 August 2014 16:30:44][ERROR] Exception in App work: Undefined controller: 'App\Controllers\FontsController'.

[14 August 2014 16:30:44][ERROR] Exception in App work: Undefined controller: 'App\Controllers\FontsController'.

[14 August 2014 16:31:01][ERROR] Exception in App work: Undefined controller: 'App\Controllers\FontsController'.

[14 August 2014 16:31:02][ERROR] Exception in App work: Undefined controller: 'App\Controllers\FontsController'.

[14 August 2014 16:31:02][ERROR] Exception in App work: Undefined controller: 'App\Controllers\FontsController'.

[14 August 2014 16:33:21][ERROR] Exception in App work: Undefined controller: 'App\Controllers\FontsController'.

[14 August 2014 16:33:21][ERROR] Exception in App work: Undefined controller: 'App\Controllers\FontsController'.

[14 August 2014 16:33:21][ERROR] Exception in App work: Undefined controller: 'App\Controllers\FontsController'.

[14 August 2014 16:34:48][ERROR] Exception in App work: Undefined controller: 'App\Controllers\FontsController'.

[14 August 2014 16:34:48][ERROR] Exception in App work: Undefined controller: 'App\Controllers\FontsController'.

[14 August 2014 16:34:48][ERROR] Exception in App work: Undefined controller: 'App\Controllers\FontsController'.

[14 August 2014 16:35:17][ERROR] Exception in App work: Undefined controller: 'App\Controllers\FontsController'.

[14 August 2014 16:35:18][ERROR] Exception in App work: Undefined controller: 'App\Controllers\FontsController'.

[14 August 2014 16:35:18][ERROR] Exception in App work: Undefined controller: 'App\Controllers\FontsController'.

[14 August 2014 16:35:47][ERROR] Exception in App work: Undefined controller: 'App\Controllers\FontsController'.

[14 August 2014 16:35:47][ERROR] Exception in App work: Undefined controller: 'App\Controllers\FontsController'.

[14 August 2014 16:35:47][ERROR] Exception in App work: Undefined controller: 'App\Controllers\FontsController'.

[14 August 2014 16:36:56][ERROR] Exception in App work: Undefined controller: 'App\Controllers\FontsController'.

[14 August 2014 16:36:56][ERROR] Exception in App work: Undefined controller: 'App\Controllers\FontsController'.

[14 August 2014 16:36:56][ERROR] Exception in App work: Undefined controller: 'App\Controllers\FontsController'.

[14 August 2014 16:37:14][ERROR] Exception in App work: Undefined controller: 'App\Controllers\FontsController'.

[14 August 2014 16:37:14][ERROR] Exception in App work: Undefined controller: 'App\Controllers\FontsController'.

[14 August 2014 16:37:14][ERROR] Exception in App work: Undefined controller: 'App\Controllers\FontsController'.

[14 August 2014 16:41:22][ERROR] Exception in App work: Undefined controller: 'App\Controllers\FontsController'.

[14 August 2014 16:41:22][ERROR] Exception in App work: Undefined controller: 'App\Controllers\FontsController'.

[14 August 2014 16:41:22][ERROR] Exception in App work: Undefined controller: 'App\Controllers\FontsController'.

[14 August 2014 16:41:36][ERROR] Exception in App work: Undefined controller: 'App\Controllers\FontsController'.

[14 August 2014 16:41:36][ERROR] Exception in App work: Undefined controller: 'App\Controllers\FontsController'.

[14 August 2014 16:41:36][ERROR] Exception in App work: Undefined controller: 'App\Controllers\FontsController'.

[14 August 2014 16:41:58][ERROR] Exception in App work: Undefined controller: 'App\Controllers\FontsController'.

[14 August 2014 16:41:58][ERROR] Exception in App work: Undefined controller: 'App\Controllers\FontsController'.

[14 August 2014 16:42:23][ERROR] Exception in App work: Undefined controller: 'App\Controllers\FontsController'.

[14 August 2014 16:42:23][ERROR] Exception in App work: Undefined controller: 'App\Controllers\FontsController'.

[14 August 2014 16:44:13][ERROR] Exception in App work: Undefined controller: 'App\Controllers\FontsController'.

[14 August 2014 16:44:13][ERROR] Exception in App work: Undefined controller: 'App\Controllers\FontsController'.

[14 August 2014 16:44:13][ERROR] Exception in App work: Undefined controller: 'App\Controllers\FontsController'.

[14 August 2014 16:44:18][ERROR] Exception in App work: Undefined controller: 'App\Controllers\FontsController'.

[14 August 2014 16:44:18][ERROR] Exception in App work: Undefined controller: 'App\Controllers\FontsController'.

[14 August 2014 16:44:18][ERROR] Exception in App work: Undefined controller: 'App\Controllers\FontsController'.

[14 August 2014 16:44:20][ERROR] Exception in App work: Undefined controller: 'App\Controllers\FontsController'.

[14 August 2014 16:44:20][ERROR] Exception in App work: Undefined controller: 'App\Controllers\FontsController'.

[14 August 2014 16:44:20][ERROR] Exception in App work: Undefined controller: 'App\Controllers\FontsController'.

