[14 August 2014 17:38:37][DEBUG] Query preparation: SELECT cities.city_id, regions.region_name, cities.city_name, cities.latitude, cities.longitude FROM cities
        JOIN regions ON cities.region_id = regions.region_id WHERE city_name LIKE '%брест%' OR region_name LIKE '%брест%' ORDER BY city_name
[14 August 2014 17:38:37][DEBUG] Query execution finished successfully
[14 August 2014 17:38:40][DEBUG] Query preparation: SELECT COUNT(city_id) FROM cities
[14 August 2014 17:38:40][DEBUG] Query execution finished successfully
[14 August 2014 17:38:40][DEBUG] Query preparation: SELECT cities.city_id, regions.region_name, cities.city_name, cities.latitude, cities.longitude FROM cities JOIN regions ON cities.region_id = regions.region_id ORDER BY city_name ASC LIMIT 0, 10
[14 August 2014 17:38:40][DEBUG] Query execution finished successfully
[14 August 2014 17:38:44][DEBUG] Query preparation: SELECT cities.city_id, regions.region_name, cities.city_name, cities.latitude, cities.longitude FROM cities
        JOIN regions ON cities.region_id = regions.region_id WHERE city_name LIKE '%брест%' OR region_name LIKE '%брест%' ORDER BY city_name
[14 August 2014 17:38:44][DEBUG] Query execution finished successfully
[14 August 2014 17:38:55][DEBUG] Query preparation: SELECT COUNT(city_id) FROM cities
[14 August 2014 17:38:55][DEBUG] Query execution finished successfully
[14 August 2014 17:38:55][DEBUG] Query preparation: SELECT cities.city_id, regions.region_name, cities.city_name, cities.latitude, cities.longitude FROM cities JOIN regions ON cities.region_id = regions.region_id ORDER BY city_name ASC LIMIT 0, 10
[14 August 2014 17:38:55][DEBUG] Query execution finished successfully
[14 August 2014 17:39:00][DEBUG] Query preparation: SELECT cities.city_id, regions.region_name, cities.city_name, cities.latitude, cities.longitude FROM cities
        JOIN regions ON cities.region_id = regions.region_id WHERE city_name LIKE '%Барановичи%' OR region_name LIKE '%Барановичи%' ORDER BY city_name
[14 August 2014 17:39:00][DEBUG] Query execution finished successfully
[14 August 2014 17:39:39][DEBUG] Query preparation: SELECT COUNT(city_id) FROM cities
[14 August 2014 17:39:39][DEBUG] Query execution finished successfully
[14 August 2014 17:39:39][DEBUG] Query preparation: SELECT cities.city_id, regions.region_name, cities.city_name, cities.latitude, cities.longitude FROM cities JOIN regions ON cities.region_id = regions.region_id ORDER BY city_name ASC LIMIT 0, 10
[14 August 2014 17:39:39][DEBUG] Query execution finished successfully
[14 August 2014 17:39:43][DEBUG] Query preparation: SELECT cities.city_id, regions.region_name, cities.city_name, cities.latitude, cities.longitude FROM cities
        JOIN regions ON cities.region_id = regions.region_id WHERE city_name LIKE '%Брест%' OR region_name LIKE '%Брест%' ORDER BY city_name
[14 August 2014 17:39:43][DEBUG] Query execution finished successfully
[14 August 2014 17:40:09][DEBUG] Query preparation: SELECT COUNT(city_id) FROM cities
[14 August 2014 17:40:09][DEBUG] Query execution finished successfully
[14 August 2014 17:40:09][DEBUG] Query preparation: SELECT cities.city_id, regions.region_name, cities.city_name, cities.latitude, cities.longitude FROM cities JOIN regions ON cities.region_id = regions.region_id ORDER BY city_name ASC LIMIT 0, 10
[14 August 2014 17:40:09][DEBUG] Query execution finished successfully
[14 August 2014 17:40:14][DEBUG] Query preparation: SELECT cities.city_id, regions.region_name, cities.city_name, cities.latitude, cities.longitude FROM cities
        JOIN regions ON cities.region_id = regions.region_id WHERE city_name LIKE '%а%' OR region_name LIKE '%а%' ORDER BY city_name
[14 August 2014 17:40:14][DEBUG] Query execution finished successfully
[14 August 2014 17:40:36][DEBUG] Query preparation: SELECT COUNT(city_id) FROM cities
[14 August 2014 17:40:36][DEBUG] Query execution finished successfully
[14 August 2014 17:40:36][DEBUG] Query preparation: SELECT cities.city_id, regions.region_name, cities.city_name, cities.latitude, cities.longitude FROM cities JOIN regions ON cities.region_id = regions.region_id ORDER BY city_name ASC LIMIT 0, 10
[14 August 2014 17:40:36][DEBUG] Query execution finished successfully
[14 August 2014 17:40:40][DEBUG] Query preparation: SELECT cities.city_id, regions.region_name, cities.city_name, cities.latitude, cities.longitude FROM cities
        JOIN regions ON cities.region_id = regions.region_id WHERE city_name LIKE '%минск%' OR region_name LIKE '%минск%' ORDER BY city_name
[14 August 2014 17:40:40][DEBUG] Query execution finished successfully
[14 August 2014 17:40:44][DEBUG] Query preparation: SELECT COUNT(city_id) FROM cities
[14 August 2014 17:40:44][DEBUG] Query execution finished successfully
[14 August 2014 17:40:44][DEBUG] Query preparation: SELECT cities.city_id, regions.region_name, cities.city_name, cities.latitude, cities.longitude FROM cities JOIN regions ON cities.region_id = regions.region_id ORDER BY city_name ASC LIMIT 0, 10
[14 August 2014 17:40:44][DEBUG] Query execution finished successfully
[14 August 2014 17:41:07][DEBUG] Query preparation: SELECT COUNT(city_id) FROM cities
[14 August 2014 17:41:07][DEBUG] Query execution finished successfully
[14 August 2014 17:41:07][DEBUG] Query preparation: SELECT cities.city_id, regions.region_name, cities.city_name, cities.latitude, cities.longitude FROM cities JOIN regions ON cities.region_id = regions.region_id ORDER BY city_name ASC LIMIT 0, 10
[14 August 2014 17:41:07][DEBUG] Query execution finished successfully
[14 August 2014 17:41:12][DEBUG] Query preparation: SELECT cities.city_id, regions.region_name, cities.city_name, cities.latitude, cities.longitude FROM cities
        JOIN regions ON cities.region_id = regions.region_id WHERE city_name LIKE '%Барановичи%' OR region_name LIKE '%Барановичи%' ORDER BY city_name
[14 August 2014 17:41:12][DEBUG] Query execution finished successfully
[14 August 2014 17:41:22][DEBUG] Query preparation: SELECT COUNT(city_id) FROM cities
[14 August 2014 17:41:22][DEBUG] Query execution finished successfully
[14 August 2014 17:41:22][DEBUG] Query preparation: SELECT cities.city_id, regions.region_name, cities.city_name, cities.latitude, cities.longitude FROM cities JOIN regions ON cities.region_id = regions.region_id ORDER BY city_name ASC LIMIT 0, 10
[14 August 2014 17:41:22][DEBUG] Query execution finished successfully
