[14 August 2014 17:38:37][DEBUG] Trying redirect: App\Controllers\AjaxController->findAnyMatchesAction()
[14 August 2014 17:38:37][SUCCESS] Redirected successfully
[14 August 2014 17:38:40][DEBUG] Trying redirect: App\Controllers\Admin\CitiesController->indexAction()
[14 August 2014 17:38:40][SUCCESS] Redirected successfully
[14 August 2014 17:38:44][DEBUG] Trying redirect: App\Controllers\AjaxController->findAnyMatchesAction()
[14 August 2014 17:38:44][SUCCESS] Redirected successfully
[14 August 2014 17:38:55][DEBUG] Trying redirect: App\Controllers\Admin\CitiesController->indexAction()
[14 August 2014 17:38:55][SUCCESS] Redirected successfully
[14 August 2014 17:39:00][DEBUG] Trying redirect: App\Controllers\AjaxController->findAnyMatchesAction()
[14 August 2014 17:39:00][SUCCESS] Redirected successfully
[14 August 2014 17:39:39][DEBUG] Trying redirect: App\Controllers\Admin\CitiesController->indexAction()
[14 August 2014 17:39:39][SUCCESS] Redirected successfully
[14 August 2014 17:39:43][DEBUG] Trying redirect: App\Controllers\AjaxController->findAnyMatchesAction()
[14 August 2014 17:39:43][SUCCESS] Redirected successfully
[14 August 2014 17:40:09][DEBUG] Trying redirect: App\Controllers\Admin\CitiesController->indexAction()
[14 August 2014 17:40:09][SUCCESS] Redirected successfully
[14 August 2014 17:40:14][DEBUG] Trying redirect: App\Controllers\AjaxController->findAnyMatchesAction()
[14 August 2014 17:40:14][SUCCESS] Redirected successfully
[14 August 2014 17:40:36][DEBUG] Trying redirect: App\Controllers\Admin\CitiesController->indexAction()
[14 August 2014 17:40:36][SUCCESS] Redirected successfully
[14 August 2014 17:40:40][DEBUG] Trying redirect: App\Controllers\AjaxController->findAnyMatchesAction()
[14 August 2014 17:40:40][SUCCESS] Redirected successfully
[14 August 2014 17:40:44][DEBUG] Trying redirect: App\Controllers\Admin\CitiesController->indexAction()
[14 August 2014 17:40:44][SUCCESS] Redirected successfully
[14 August 2014 17:41:07][DEBUG] Trying redirect: App\Controllers\Admin\CitiesController->indexAction()
[14 August 2014 17:41:07][SUCCESS] Redirected successfully
[14 August 2014 17:41:12][DEBUG] Trying redirect: App\Controllers\AjaxController->findAnyMatchesAction()
[14 August 2014 17:41:12][SUCCESS] Redirected successfully
[14 August 2014 17:41:22][DEBUG] Trying redirect: App\Controllers\Admin\CitiesController->indexAction()
[14 August 2014 17:41:22][SUCCESS] Redirected successfully
[14 August 2014 17:44:12][DEBUG] Trying redirect: App\Controllers\AjaxController->findAnyMatchesAction()
[14 August 2014 17:44:12][SUCCESS] Redirected successfully
[14 August 2014 17:44:45][DEBUG] Trying redirect: App\Controllers\AjaxController->findAnyMatchesAction()
[14 August 2014 17:44:45][SUCCESS] Redirected successfully
[14 August 2014 17:44:49][DEBUG] Trying redirect: App\Controllers\Admin\CitiesController->indexAction()
[14 August 2014 17:44:49][SUCCESS] Redirected successfully
[14 August 2014 17:45:29][DEBUG] Trying redirect: App\Controllers\AjaxController->updatePaginationAction()
[14 August 2014 17:45:29][SUCCESS] Redirected successfully
[14 August 2014 17:45:29][DEBUG] Trying redirect: App\Controllers\AjaxController->loadcitiesAction()
[14 August 2014 17:45:29][SUCCESS] Redirected successfully
[14 August 2014 17:45:30][DEBUG] Trying redirect: App\Controllers\AjaxController->updatePaginationAction()
[14 August 2014 17:45:30][SUCCESS] Redirected successfully
[14 August 2014 17:45:30][DEBUG] Trying redirect: App\Controllers\AjaxController->loadcitiesAction()
[14 August 2014 17:45:30][SUCCESS] Redirected successfully
[14 August 2014 17:45:30][DEBUG] Trying redirect: App\Controllers\AjaxController->updatePaginationAction()
[14 August 2014 17:45:30][SUCCESS] Redirected successfully
[14 August 2014 17:45:30][DEBUG] Trying redirect: App\Controllers\AjaxController->loadcitiesAction()
[14 August 2014 17:45:30][SUCCESS] Redirected successfully
[14 August 2014 17:45:31][DEBUG] Trying redirect: App\Controllers\AjaxController->updatePaginationAction()
[14 August 2014 17:45:31][SUCCESS] Redirected successfully
[14 August 2014 17:45:31][DEBUG] Trying redirect: App\Controllers\AjaxController->loadcitiesAction()
[14 August 2014 17:45:31][SUCCESS] Redirected successfully
[14 August 2014 17:45:33][DEBUG] Trying redirect: App\Controllers\AjaxController->updatePaginationAction()
[14 August 2014 17:45:33][SUCCESS] Redirected successfully
[14 August 2014 17:45:33][DEBUG] Trying redirect: App\Controllers\AjaxController->loadcitiesAction()
[14 August 2014 17:45:33][SUCCESS] Redirected successfully
[14 August 2014 17:45:35][DEBUG] Trying redirect: App\Controllers\AjaxController->loadcitiesAction()
[14 August 2014 17:45:35][SUCCESS] Redirected successfully
[14 August 2014 17:45:37][DEBUG] Trying redirect: App\Controllers\AjaxController->updatePaginationAction()
[14 August 2014 17:45:37][SUCCESS] Redirected successfully
[14 August 2014 17:45:37][DEBUG] Trying redirect: App\Controllers\AjaxController->loadcitiesAction()
[14 August 2014 17:45:37][SUCCESS] Redirected successfully
[14 August 2014 17:45:41][DEBUG] Trying redirect: App\Controllers\AjaxController->updatePaginationAction()
[14 August 2014 17:45:41][SUCCESS] Redirected successfully
[14 August 2014 17:45:41][DEBUG] Trying redirect: App\Controllers\AjaxController->loadcitiesAction()
[14 August 2014 17:45:41][SUCCESS] Redirected successfully
[14 August 2014 17:45:43][DEBUG] Trying redirect: App\Controllers\AjaxController->updatePaginationAction()
[14 August 2014 17:45:43][SUCCESS] Redirected successfully
[14 August 2014 17:45:43][DEBUG] Trying redirect: App\Controllers\AjaxController->loadcitiesAction()
[14 August 2014 17:45:43][SUCCESS] Redirected successfully
[14 August 2014 17:45:43][DEBUG] Trying redirect: App\Controllers\AjaxController->updatePaginationAction()
[14 August 2014 17:45:43][SUCCESS] Redirected successfully
[14 August 2014 17:45:43][DEBUG] Trying redirect: App\Controllers\AjaxController->loadcitiesAction()
[14 August 2014 17:45:43][SUCCESS] Redirected successfully
[14 August 2014 17:45:51][DEBUG] Trying redirect: App\Controllers\AjaxController->loadcitiesAction()
[14 August 2014 17:45:51][SUCCESS] Redirected successfully
[14 August 2014 17:45:53][DEBUG] Trying redirect: App\Controllers\AjaxController->updatePaginationAction()
[14 August 2014 17:45:53][SUCCESS] Redirected successfully
[14 August 2014 17:45:53][DEBUG] Trying redirect: App\Controllers\AjaxController->loadcitiesAction()
[14 August 2014 17:45:53][SUCCESS] Redirected successfully
[14 August 2014 17:45:54][DEBUG] Trying redirect: App\Controllers\AjaxController->updatePaginationAction()
[14 August 2014 17:45:54][SUCCESS] Redirected successfully
[14 August 2014 17:45:54][DEBUG] Trying redirect: App\Controllers\AjaxController->loadcitiesAction()
[14 August 2014 17:45:54][SUCCESS] Redirected successfully
[14 August 2014 17:45:55][DEBUG] Trying redirect: App\Controllers\AjaxController->updatePaginationAction()
[14 August 2014 17:45:55][SUCCESS] Redirected successfully
[14 August 2014 17:45:55][DEBUG] Trying redirect: App\Controllers\AjaxController->loadcitiesAction()
[14 August 2014 17:45:55][SUCCESS] Redirected successfully
[14 August 2014 17:45:55][DEBUG] Trying redirect: App\Controllers\AjaxController->updatePaginationAction()
[14 August 2014 17:45:55][SUCCESS] Redirected successfully
[14 August 2014 17:45:55][DEBUG] Trying redirect: App\Controllers\AjaxController->loadcitiesAction()
[14 August 2014 17:45:55][SUCCESS] Redirected successfully
[14 August 2014 17:48:39][DEBUG] Trying redirect: App\Controllers\HomeController->indexAction()
[14 August 2014 17:48:39][SUCCESS] Redirected successfully
[14 August 2014 17:48:42][DEBUG] Trying redirect: App\Controllers\AdminController->indexAction()
[14 August 2014 17:48:42][SUCCESS] Redirected successfully
[14 August 2014 17:48:48][DEBUG] Trying redirect: App\Controllers\Admin\UsersController->indexAction()
[14 August 2014 17:48:48][SUCCESS] Redirected successfully
[14 August 2014 17:48:49][DEBUG] Trying redirect: App\Controllers\Admin\RegionsController->indexAction()
[14 August 2014 17:48:49][SUCCESS] Redirected successfully
[14 August 2014 17:48:50][DEBUG] Trying redirect: App\Controllers\Admin\CitiesController->indexAction()
[14 August 2014 17:48:50][SUCCESS] Redirected successfully
[14 August 2014 17:50:30][DEBUG] Trying redirect: App\Controllers\AjaxController->findAnyMatchesAction()
[14 August 2014 17:50:30][SUCCESS] Redirected successfully
[14 August 2014 17:51:05][DEBUG] Trying redirect: App\Controllers\AjaxController->findAnyMatchesAction()
[14 August 2014 17:51:05][SUCCESS] Redirected successfully
[14 August 2014 17:51:16][DEBUG] Trying redirect: App\Controllers\AjaxController->loadcitiesAction()
[14 August 2014 17:51:16][SUCCESS] Redirected successfully
[14 August 2014 17:51:24][DEBUG] Trying redirect: App\Controllers\Admin\CitiesController->indexAction()
[14 August 2014 17:51:24][SUCCESS] Redirected successfully
[14 August 2014 17:52:20][DEBUG] Trying redirect: App\Controllers\AjaxController->findAnyMatchesAction()
[14 August 2014 17:52:20][SUCCESS] Redirected successfully
[14 August 2014 17:52:23][DEBUG] Trying redirect: App\Controllers\Admin\CitiesController->indexAction()
[14 August 2014 17:52:23][SUCCESS] Redirected successfully
[14 August 2014 17:52:25][DEBUG] Trying redirect: App\Controllers\Admin\CitiesController->indexAction()
[14 August 2014 17:52:25][SUCCESS] Redirected successfully
[14 August 2014 17:52:36][DEBUG] Trying redirect: App\Controllers\AjaxController->findAnyMatchesAction()
[14 August 2014 17:52:36][SUCCESS] Redirected successfully
[14 August 2014 17:52:45][DEBUG] Trying redirect: App\Controllers\Admin\CitiesController->indexAction()
[14 August 2014 17:52:45][SUCCESS] Redirected successfully
[14 August 2014 17:52:53][DEBUG] Trying redirect: App\Controllers\Admin\CitiesController->indexAction()
[14 August 2014 17:52:53][SUCCESS] Redirected successfully
